[debug] [2022-11-24T22:55:04.142Z] ----------------------------------------------------------------------
[debug] [2022-11-24T22:55:04.144Z] Command:       C:\Program Files\nodejs\node.exe C:\Users\0khal\AppData\Roaming\npm\node_modules\firebase-tools\lib\bin\firebase.js deploy --only hosting:gold-fish
[debug] [2022-11-24T22:55:04.145Z] CLI Version:   11.16.1
[debug] [2022-11-24T22:55:04.145Z] Platform:      win32
[debug] [2022-11-24T22:55:04.145Z] Node Version:  v18.12.1
[debug] [2022-11-24T22:55:04.146Z] Time:          Fri Nov 25 2022 00:55:04 GMT+0200 (Eastern European Standard Time)
[debug] [2022-11-24T22:55:04.147Z] ----------------------------------------------------------------------
[debug] 
[debug] [2022-11-24T22:55:04.235Z] > command requires scopes: ["email","openid","https://www.googleapis.com/auth/cloudplatformprojects.readonly","https://www.googleapis.com/auth/firebase","https://www.googleapis.com/auth/cloud-platform"]
[debug] [2022-11-24T22:55:04.235Z] > authorizing via signed-in user (0khalid.yousef1@gmail.com)
[debug] [2022-11-24T22:55:04.236Z] [iam] checking project food-app-43539 for permissions ["firebase.projects.get","firebasehosting.sites.update"]
[debug] [2022-11-24T22:55:04.239Z] >>> [apiv2][query] POST https://cloudresourcemanager.googleapis.com/v1/projects/food-app-43539:testIamPermissions [none]
[debug] [2022-11-24T22:55:04.239Z] >>> [apiv2][(partial)header] POST https://cloudresourcemanager.googleapis.com/v1/projects/food-app-43539:testIamPermissions x-goog-quota-user=projects/food-app-43539
[debug] [2022-11-24T22:55:04.239Z] >>> [apiv2][body] POST https://cloudresourcemanager.googleapis.com/v1/projects/food-app-43539:testIamPermissions {"permissions":["firebase.projects.get","firebasehosting.sites.update"]}
[debug] [2022-11-24T22:55:05.209Z] <<< [apiv2][status] POST https://cloudresourcemanager.googleapis.com/v1/projects/food-app-43539:testIamPermissions 200
[debug] [2022-11-24T22:55:05.210Z] <<< [apiv2][body] POST https://cloudresourcemanager.googleapis.com/v1/projects/food-app-43539:testIamPermissions {"permissions":["firebase.projects.get","firebasehosting.sites.update"]}
[debug] [2022-11-24T22:55:05.212Z] >>> [apiv2][query] GET https://firebase.googleapis.com/v1beta1/projects/food-app-43539 [none]
[debug] [2022-11-24T22:55:05.636Z] <<< [apiv2][status] GET https://firebase.googleapis.com/v1beta1/projects/food-app-43539 200
[debug] [2022-11-24T22:55:05.637Z] <<< [apiv2][body] GET https://firebase.googleapis.com/v1beta1/projects/food-app-43539 {"projectId":"food-app-43539","projectNumber":"1042379158272","displayName":"Food-app","name":"projects/food-app-43539","resources":{"hostingSite":"food-app-43539"},"state":"ACTIVE","etag":"1_e57690a4-aa03-4b59-97ad-0fda339acf55"}
[info] 
[info] === Deploying to 'food-app-43539'...
[info] 
[info] i  deploying hosting 
[debug] [2022-11-24T22:55:05.663Z] >>> [apiv2][query] POST https://firebasehosting.googleapis.com/v1beta1/projects/-/sites/gold-fish/versions [none]
[debug] [2022-11-24T22:55:05.664Z] >>> [apiv2][body] POST https://firebasehosting.googleapis.com/v1beta1/projects/-/sites/gold-fish/versions {"status":"CREATED","labels":{"deployment-tool":"cli-firebase"}}
[debug] [2022-11-24T22:55:07.054Z] <<< [apiv2][status] POST https://firebasehosting.googleapis.com/v1beta1/projects/-/sites/gold-fish/versions 200
[debug] [2022-11-24T22:55:07.054Z] <<< [apiv2][body] POST https://firebasehosting.googleapis.com/v1beta1/projects/-/sites/gold-fish/versions {"name":"projects/1042379158272/sites/gold-fish/versions/d37f430267809922","status":"CREATED","config":{},"labels":{"deployment-tool":"cli-firebase"}}
[info] i  hosting[gold-fish]: beginning deploy... 
[info] i  hosting[gold-fish]: found 55 files in build 
[debug] [2022-11-24T22:55:07.114Z] [hosting] uploading with 200 concurrency
[debug] [2022-11-24T22:55:08.415Z] [hosting] hash cache [YnVpbGQ] stored for 55 files
[debug] [2022-11-24T22:55:08.416Z] [hosting][hash queue][FINAL] {"max":1209,"min":53,"avg":159.07272727272726,"active":0,"complete":55,"success":55,"errored":0,"retried":0,"total":55,"elapsed":1256}
[debug] [2022-11-24T22:55:08.418Z] >>> [apiv2][query] POST https://firebasehosting.googleapis.com/v1beta1/projects/1042379158272/sites/gold-fish/versions/d37f430267809922:populateFiles [none]
[debug] [2022-11-24T22:55:08.418Z] >>> [apiv2][body] POST https://firebasehosting.googleapis.com/v1beta1/projects/1042379158272/sites/gold-fish/versions/d37f430267809922:populateFiles {"files":{"/404.html":"daa499dd96d8229e73235345702ba32f0793f0c8e5c0d30e40e37a5872be57aa","/asset-manifest.json":"d69b38b529be1daeca1725fa8431b572b3c042a2cb4137d09518a9ccb13c8d16","/index.html":"8ae198ab9ad43401cc784f4350f617dd3859922cc7e053ebf45399c7b6f2487a","/manifest.json":"5c997de1364b8be939319fa9209abd77f2caf7f8844999a9e2e9173f844e7840","/logo192.png":"3ee59515172ee198f3be375979df15ac5345183e656720a381b8872b2a39dc8b","/logo512.png":"ee7e2f3fdb8209c4b6fd7bef6ba50d1b9dba30a25bb5c3126df057e1cb6f5331","/robots.txt":"b2090cf9761ef60aa06e4fab97679bd43dfa5e5df073701ead5879d7c68f1ec5","/favicon.ico":"7f4c3f41b7b0a556d31fc18e059ad35b7335b0623042674cafc9889c4e2d313a","/static/css/544.d4139ab1.chunk.css":"a8a0dff0d9847886ad622bf466634ae24a9844a389d07f3f9160c210189fe577","/static/css/544.d4139ab1.chunk.css.map":"04342fdbb902fa86aeba4babe2eb744451434025b0ae52cab0df76f83a28962c","/static/css/main.5fb9fb23.css":"d513e0f390d2aae413a0b91a2d13099d98c595f1dadb08c36f6bc3e2ef6276a8","/static/js/318.e7fdb3f4.chunk.js":"3dededb5a590e326fd1135c8fdc8b037c2923cf48e1e49ed905c3b1f76a5c1a2","/static/js/318.e7fdb3f4.chunk.js.map":"0e2ed530230ea4f5ae971c9c3459a3b61bffd1ad58ddd7763b2caad65a58c0ac","/static/css/main.5fb9fb23.css.map":"c0e1dcb5cd6b58b62226ad921e2464e308d042fe759d70ec8e4f8f75deadd328","/static/js/384.fc1eae1d.chunk.js":"36c96d6fcf189bcc5c7a7f96d851f5033e116afc2a293abf9059ca6f7201d415","/static/js/43.f22b77cb.chunk.js":"9ff665e5046b98e8e6b3b0d50ee8b6ed097b2d76db5326b51d0e031663c99cde","/static/js/491.9805a702.chunk.js":"2345d393b20a2137074bd21888d148659a6c9fe358e3be5951bdc02f56aa4745","/static/js/491.9805a702.chunk.js.map":"94ec1ab4677c20d289e839102408a2e98f1c46be92daaaee7fd62add590d948e","/static/js/717.cb40b109.chunk.js.LICENSE.txt":"6f4666e69c2be3969c93b3bf86ad73b82ff338f7fc721e3609d9d1cc516fb43f","/static/js/804.772820eb.chunk.js":"183f4ad53fe2f4a84aeca9ae321e0f4c815c92386bf3a1d963b5411eb620b85e","/static/js/717.cb40b109.chunk.js":"74d84cbee30e8a63d3b27695306263c829a4b72b6cea9eea51851f321139d3ec","/static/js/828.9482f1a1.chunk.js":"b799fb6fdc7dbbf11854d1aae2256392860c733ebc56311301132f758f185b8e","/static/js/804.772820eb.chunk.js.map":"3b10d117d6a6e188972eca7186ffcd75a3cfa1c071f1b8876a1159975862b595","/static/js/main.c394ff87.js.LICENSE.txt":"982696bce14bdae05ba81ead080fe422a208cf7af380778fcadf1d599ddf03fd","/static/media/404 Error Page not Found with people connecting a plug-amico.5305d2b77847f3a26be8.webp":"f3e8cc3f9afac2e830350604c2c058e55bd14e1dd0b5281b0f6621462a692383","/static/media/newsletter1.f60ebd9ea582eb44acba.webp":"1659f25a2721b7dae184d9c80fc01df080a0319d1b252682739732f6a65919f4","/static/js/384.fc1eae1d.chunk.js.map":"9c39f0ac318034e9771ba874d8ac346ee098f977e014ed299454f75a4342f1a3","/static/js/43.f22b77cb.chunk.js.map":"a578acd3695ebd6b9d9e53c871a7cf6444ae763423604d2b96ccdd1dbed61db5","/static/media/slick.2630a3e3eab21c607e21.svg":"d00477d40ed40fa1dd3bdee27d9286804121b15fea83bae7d5415d902b055de0","/static/media/slick.295183786cd8a1389865.woff":"029a727c9e1081d2f9e1015f02f18da88f268512ea4f58589a6f17f532928530","/static/media/slick.c94f7671dcc99dce43e2.ttf":"6aad751007cf9a89350af287f824ab64f096c472c7c9c679fb3d55b6174fc004","/static/media/slick.a4e97f5a2a64f0ab1323.eot":"52b9a169969e053d43df6bd21c4dc789c2518d99afd8590a17ef50cd24c77cf6","/static/media/banner3.6ee29e6f3f8afc725ddf.webp":"481fe28985604507d635bbd789a88998c04e8dfba31297dfaaba6c65291ade9c","/static/js/717.cb40b109.chunk.js.map":"ebe5b2073c4afc962f3448972031380eb08994c665bf87d6700b2f3af84e3d4e","/static/js/main.c394ff87.js":"e93f0c327c334fc4f31436beb137cb2ff9f6474117590eaacb805acee1a6ea00","/static/media/p4.589d3b56dbe3d3a2cdc5.webp":"5d519855c1e44599026a95251af6df682503208c9cba22fff788451b70f02823","/static/media/p12.1064a89a289a1b7a59ae.webp":"0f3442a3c50b470eeef44ac1f10976ccf45491d25077d8144122352642c30e73","/static/js/828.9482f1a1.chunk.js.map":"6df2b677ec025385537c3f776276a4538de8a782a1b35d48d220479133ad2b1e","/static/media/p6.33b066212375cc6ce944.webp":"ff21911685b9f16294411d38fc45c38326c8613559b293fc2bcb7673b1bf64cb","/static/media/bannerCategory1.233f37cf19634b338e63.webp":"4563fce2d82ea43ec323e58f43007221939c195cc1d13af68b38911b008779c4","/static/media/p7.7073e911a87d145632ab.webp":"445129f579c4217f0be7c9315425835fd671a87462eb94c807012b79433959c2","/static/media/banner2.6191caadca429d3207ad.webp":"c96698732ddfa73329ec29b83f0da325dcf457f8690eb4f48c99d090d43d949b","/static/media/p2.367537a401920d765dc3.webp":"31b888218737390ebc6cfda31e8f0ab23d83cec929ea6be9016c543ecf4634b1","/static/media/bannerCategory2.360d7339ba6c6c91d36a.webp":"aee6427168fe451ea2c15e186ee8bd5e82f31152a5b17211f2ce9d3d14123fa9","/static/media/p5.b839acc55fa8d4ea44aa.webp":"d340a29ba0d2ca9ed05bbf98bd6f0514e75fda8c995d0def6baa2f469d5879ba","/static/media/p11.2ac70fa11be2f0a890e8.webp":"2df59a2281bac38a44cf7044102185e1aed25f2ddb8aa3697522d70ca02a02a7","/static/media/p8.fc1ec1d144f344082dac.webp":"09380cefbede5f138a0b987613dfaafd421dce9c6381f086f01eb8bfcc9f0a6e","/static/media/p9.b063532c6c42f356575f.webp":"e00e2d0cc722ffe04f7ea823448f3f0a266a566b111db88810acdb6f92263612","/static/media/profile.c77c410c6c6eaccd91ef.webp":"5a4a7cf0be7b31c2cf6c65cc31104fdf4647804e90797686fb1f5e0fc11424db","/static/media/newsletter2.71466b9d9fcae59124ea.webp":"f7ad705643cf1db3cab1a752ee1bfed4e90082523e42ebbc72d11abb4bb4cf77","/static/media/p3.6a0cfaa2692dce2fda66.webp":"09b6963fe289ae3cba4972956d09540cc55f52adc3185ea56b29e4e4843308ab","/static/media/banner1.b8ab5073d7779e53c1be.webp":"f3614f35ef53669476d6cb5428b22ed848a63eaf4f1f7d78c9aa3d3fc7ba65e2","/static/media/p1.ad0de27d83d07f4094c2.webp":"f3e20edbc63569d01cda0a64d21b4167844e51d0d6769009670e13682c692ffc","/static/media/p10.e1542845cb163c604da5.webp":"b3f297f7040080f3c62045141e5cc75dbc5cb0c6efbb05b8d6b39e2efe92d95b","/static/js/main.c394ff87.js.map":"d785c391d6ee6b2f95825719a108934f6c3650e96a791adfcdda5b84f8eb1eb8"}}
[debug] [2022-11-24T22:55:09.609Z] <<< [apiv2][status] POST https://firebasehosting.googleapis.com/v1beta1/projects/1042379158272/sites/gold-fish/versions/d37f430267809922:populateFiles 200
[debug] [2022-11-24T22:55:09.609Z] <<< [apiv2][body] POST https://firebasehosting.googleapis.com/v1beta1/projects/1042379158272/sites/gold-fish/versions/d37f430267809922:populateFiles {"uploadRequiredHashes":["2df59a2281bac38a44cf7044102185e1aed25f2ddb8aa3697522d70ca02a02a7","3dededb5a590e326fd1135c8fdc8b037c2923cf48e1e49ed905c3b1f76a5c1a2","481fe28985604507d635bbd789a88998c04e8dfba31297dfaaba6c65291ade9c","b2090cf9761ef60aa06e4fab97679bd43dfa5e5df073701ead5879d7c68f1ec5","e93f0c327c334fc4f31436beb137cb2ff9f6474117590eaacb805acee1a6ea00","daa499dd96d8229e73235345702ba32f0793f0c8e5c0d30e40e37a5872be57aa","f3614f35ef53669476d6cb5428b22ed848a63eaf4f1f7d78c9aa3d3fc7ba65e2","d513e0f390d2aae413a0b91a2d13099d98c595f1dadb08c36f6bc3e2ef6276a8","aee6427168fe451ea2c15e186ee8bd5e82f31152a5b17211f2ce9d3d14123fa9","1659f25a2721b7dae184d9c80fc01df080a0319d1b252682739732f6a65919f4","3b10d117d6a6e188972eca7186ffcd75a3cfa1c071f1b8876a1159975862b595","5a4a7cf0be7b31c2cf6c65cc31104fdf4647804e90797686fb1f5e0fc11424db","d340a29ba0d2ca9ed05bbf98bd6f0514e75fda8c995d0def6baa2f469d5879ba","5c997de1364b8be939319fa9209abd77f2caf7f8844999a9e2e9173f844e7840","2345d393b20a2137074bd21888d148659a6c9fe358e3be5951bdc02f56aa4745","c96698732ddfa73329ec29b83f0da325dcf457f8690eb4f48c99d090d43d949b","ff21911685b9f16294411d38fc45c38326c8613559b293fc2bcb7673b1bf64cb","0e2ed530230ea4f5ae971c9c3459a3b61bffd1ad58ddd7763b2caad65a58c0ac","c0e1dcb5cd6b58b62226ad921e2464e308d042fe759d70ec8e4f8f75deadd328","0f3442a3c50b470eeef44ac1f10976ccf45491d25077d8144122352642c30e73","f3e20edbc63569d01cda0a64d21b4167844e51d0d6769009670e13682c692ffc","09380cefbede5f138a0b987613dfaafd421dce9c6381f086f01eb8bfcc9f0a6e","09b6963fe289ae3cba4972956d09540cc55f52adc3185ea56b29e4e4843308ab","31b888218737390ebc6cfda31e8f0ab23d83cec929ea6be9016c543ecf4634b1","94ec1ab4677c20d289e839102408a2e98f1c46be92daaaee7fd62add590d948e","8ae198ab9ad43401cc784f4350f617dd3859922cc7e053ebf45399c7b6f2487a","183f4ad53fe2f4a84aeca9ae321e0f4c815c92386bf3a1d963b5411eb620b85e","445129f579c4217f0be7c9315425835fd671a87462eb94c807012b79433959c2","4563fce2d82ea43ec323e58f43007221939c195cc1d13af68b38911b008779c4","b3f297f7040080f3c62045141e5cc75dbc5cb0c6efbb05b8d6b39e2efe92d95b","d69b38b529be1daeca1725fa8431b572b3c042a2cb4137d09518a9ccb13c8d16","f3e8cc3f9afac2e830350604c2c058e55bd14e1dd0b5281b0f6621462a692383","e00e2d0cc722ffe04f7ea823448f3f0a266a566b111db88810acdb6f92263612","5d519855c1e44599026a95251af6df682503208c9cba22fff788451b70f02823","f7ad705643cf1db3cab1a752ee1bfed4e90082523e42ebbc72d11abb4bb4cf77","d785c391d6ee6b2f95825719a108934f6c3650e96a791adfcdda5b84f8eb1eb8"],"uploadUrl":"https://upload-firebasehosting.googleapis.com/upload/sites/gold-fish/versions/d37f430267809922/files"}
[debug] [2022-11-24T22:55:09.636Z] >>> [apiv2][query] POST https://upload-firebasehosting.googleapis.com/upload/sites/gold-fish/versions/d37f430267809922/files/2df59a2281bac38a44cf7044102185e1aed25f2ddb8aa3697522d70ca02a02a7 [none]
[debug] [2022-11-24T22:55:09.637Z] >>> [apiv2][body] POST https://upload-firebasehosting.googleapis.com/upload/sites/gold-fish/versions/d37f430267809922/files/2df59a2281bac38a44cf7044102185e1aed25f2ddb8aa3697522d70ca02a02a7 [stream]
[debug] [2022-11-24T22:55:09.643Z] >>> [apiv2][query] POST https://upload-firebasehosting.googleapis.com/upload/sites/gold-fish/versions/d37f430267809922/files/3dededb5a590e326fd1135c8fdc8b037c2923cf48e1e49ed905c3b1f76a5c1a2 [none]
[debug] [2022-11-24T22:55:09.643Z] >>> [apiv2][body] POST https://upload-firebasehosting.googleapis.com/upload/sites/gold-fish/versions/d37f430267809922/files/3dededb5a590e326fd1135c8fdc8b037c2923cf48e1e49ed905c3b1f76a5c1a2 [stream]
[debug] [2022-11-24T22:55:09.645Z] >>> [apiv2][query] POST https://upload-firebasehosting.googleapis.com/upload/sites/gold-fish/versions/d37f430267809922/files/481fe28985604507d635bbd789a88998c04e8dfba31297dfaaba6c65291ade9c [none]
[debug] [2022-11-24T22:55:09.645Z] >>> [apiv2][body] POST https://upload-firebasehosting.googleapis.com/upload/sites/gold-fish/versions/d37f430267809922/files/481fe28985604507d635bbd789a88998c04e8dfba31297dfaaba6c65291ade9c [stream]
[debug] [2022-11-24T22:55:09.647Z] >>> [apiv2][query] POST https://upload-firebasehosting.googleapis.com/upload/sites/gold-fish/versions/d37f430267809922/files/b2090cf9761ef60aa06e4fab97679bd43dfa5e5df073701ead5879d7c68f1ec5 [none]
[debug] [2022-11-24T22:55:09.647Z] >>> [apiv2][body] POST https://upload-firebasehosting.googleapis.com/upload/sites/gold-fish/versions/d37f430267809922/files/b2090cf9761ef60aa06e4fab97679bd43dfa5e5df073701ead5879d7c68f1ec5 [stream]
[debug] [2022-11-24T22:55:09.650Z] >>> [apiv2][query] POST https://upload-firebasehosting.googleapis.com/upload/sites/gold-fish/versions/d37f430267809922/files/e93f0c327c334fc4f31436beb137cb2ff9f6474117590eaacb805acee1a6ea00 [none]
[debug] [2022-11-24T22:55:09.650Z] >>> [apiv2][body] POST https://upload-firebasehosting.googleapis.com/upload/sites/gold-fish/versions/d37f430267809922/files/e93f0c327c334fc4f31436beb137cb2ff9f6474117590eaacb805acee1a6ea00 [stream]
[debug] [2022-11-24T22:55:09.653Z] >>> [apiv2][query] POST https://upload-firebasehosting.googleapis.com/upload/sites/gold-fish/versions/d37f430267809922/files/daa499dd96d8229e73235345702ba32f0793f0c8e5c0d30e40e37a5872be57aa [none]
[debug] [2022-11-24T22:55:09.653Z] >>> [apiv2][body] POST https://upload-firebasehosting.googleapis.com/upload/sites/gold-fish/versions/d37f430267809922/files/daa499dd96d8229e73235345702ba32f0793f0c8e5c0d30e40e37a5872be57aa [stream]
[debug] [2022-11-24T22:55:09.655Z] >>> [apiv2][query] POST https://upload-firebasehosting.googleapis.com/upload/sites/gold-fish/versions/d37f430267809922/files/f3614f35ef53669476d6cb5428b22ed848a63eaf4f1f7d78c9aa3d3fc7ba65e2 [none]
[debug] [2022-11-24T22:55:09.656Z] >>> [apiv2][body] POST https://upload-firebasehosting.googleapis.com/upload/sites/gold-fish/versions/d37f430267809922/files/f3614f35ef53669476d6cb5428b22ed848a63eaf4f1f7d78c9aa3d3fc7ba65e2 [stream]
[debug] [2022-11-24T22:55:09.658Z] >>> [apiv2][query] POST https://upload-firebasehosting.googleapis.com/upload/sites/gold-fish/versions/d37f430267809922/files/d513e0f390d2aae413a0b91a2d13099d98c595f1dadb08c36f6bc3e2ef6276a8 [none]
[debug] [2022-11-24T22:55:09.659Z] >>> [apiv2][body] POST https://upload-firebasehosting.googleapis.com/upload/sites/gold-fish/versions/d37f430267809922/files/d513e0f390d2aae413a0b91a2d13099d98c595f1dadb08c36f6bc3e2ef6276a8 [stream]
[debug] [2022-11-24T22:55:09.662Z] >>> [apiv2][query] POST https://upload-firebasehosting.googleapis.com/upload/sites/gold-fish/versions/d37f430267809922/files/aee6427168fe451ea2c15e186ee8bd5e82f31152a5b17211f2ce9d3d14123fa9 [none]
[debug] [2022-11-24T22:55:09.662Z] >>> [apiv2][body] POST https://upload-firebasehosting.googleapis.com/upload/sites/gold-fish/versions/d37f430267809922/files/aee6427168fe451ea2c15e186ee8bd5e82f31152a5b17211f2ce9d3d14123fa9 [stream]
[debug] [2022-11-24T22:55:09.664Z] >>> [apiv2][query] POST https://upload-firebasehosting.googleapis.com/upload/sites/gold-fish/versions/d37f430267809922/files/1659f25a2721b7dae184d9c80fc01df080a0319d1b252682739732f6a65919f4 [none]
[debug] [2022-11-24T22:55:09.664Z] >>> [apiv2][body] POST https://upload-firebasehosting.googleapis.com/upload/sites/gold-fish/versions/d37f430267809922/files/1659f25a2721b7dae184d9c80fc01df080a0319d1b252682739732f6a65919f4 [stream]
[debug] [2022-11-24T22:55:09.666Z] >>> [apiv2][query] POST https://upload-firebasehosting.googleapis.com/upload/sites/gold-fish/versions/d37f430267809922/files/3b10d117d6a6e188972eca7186ffcd75a3cfa1c071f1b8876a1159975862b595 [none]
[debug] [2022-11-24T22:55:09.667Z] >>> [apiv2][body] POST https://upload-firebasehosting.googleapis.com/upload/sites/gold-fish/versions/d37f430267809922/files/3b10d117d6a6e188972eca7186ffcd75a3cfa1c071f1b8876a1159975862b595 [stream]
[debug] [2022-11-24T22:55:09.669Z] >>> [apiv2][query] POST https://upload-firebasehosting.googleapis.com/upload/sites/gold-fish/versions/d37f430267809922/files/5a4a7cf0be7b31c2cf6c65cc31104fdf4647804e90797686fb1f5e0fc11424db [none]
[debug] [2022-11-24T22:55:09.669Z] >>> [apiv2][body] POST https://upload-firebasehosting.googleapis.com/upload/sites/gold-fish/versions/d37f430267809922/files/5a4a7cf0be7b31c2cf6c65cc31104fdf4647804e90797686fb1f5e0fc11424db [stream]
[debug] [2022-11-24T22:55:09.671Z] >>> [apiv2][query] POST https://upload-firebasehosting.googleapis.com/upload/sites/gold-fish/versions/d37f430267809922/files/d340a29ba0d2ca9ed05bbf98bd6f0514e75fda8c995d0def6baa2f469d5879ba [none]
[debug] [2022-11-24T22:55:09.671Z] >>> [apiv2][body] POST https://upload-firebasehosting.googleapis.com/upload/sites/gold-fish/versions/d37f430267809922/files/d340a29ba0d2ca9ed05bbf98bd6f0514e75fda8c995d0def6baa2f469d5879ba [stream]
[debug] [2022-11-24T22:55:09.673Z] >>> [apiv2][query] POST https://upload-firebasehosting.googleapis.com/upload/sites/gold-fish/versions/d37f430267809922/files/5c997de1364b8be939319fa9209abd77f2caf7f8844999a9e2e9173f844e7840 [none]
[debug] [2022-11-24T22:55:09.673Z] >>> [apiv2][body] POST https://upload-firebasehosting.googleapis.com/upload/sites/gold-fish/versions/d37f430267809922/files/5c997de1364b8be939319fa9209abd77f2caf7f8844999a9e2e9173f844e7840 [stream]
[debug] [2022-11-24T22:55:09.675Z] >>> [apiv2][query] POST https://upload-firebasehosting.googleapis.com/upload/sites/gold-fish/versions/d37f430267809922/files/2345d393b20a2137074bd21888d148659a6c9fe358e3be5951bdc02f56aa4745 [none]
[debug] [2022-11-24T22:55:09.676Z] >>> [apiv2][body] POST https://upload-firebasehosting.googleapis.com/upload/sites/gold-fish/versions/d37f430267809922/files/2345d393b20a2137074bd21888d148659a6c9fe358e3be5951bdc02f56aa4745 [stream]
[debug] [2022-11-24T22:55:09.678Z] >>> [apiv2][query] POST https://upload-firebasehosting.googleapis.com/upload/sites/gold-fish/versions/d37f430267809922/files/c96698732ddfa73329ec29b83f0da325dcf457f8690eb4f48c99d090d43d949b [none]
[debug] [2022-11-24T22:55:09.678Z] >>> [apiv2][body] POST https://upload-firebasehosting.googleapis.com/upload/sites/gold-fish/versions/d37f430267809922/files/c96698732ddfa73329ec29b83f0da325dcf457f8690eb4f48c99d090d43d949b [stream]
[debug] [2022-11-24T22:55:09.680Z] >>> [apiv2][query] POST https://upload-firebasehosting.googleapis.com/upload/sites/gold-fish/versions/d37f430267809922/files/ff21911685b9f16294411d38fc45c38326c8613559b293fc2bcb7673b1bf64cb [none]
[debug] [2022-11-24T22:55:09.680Z] >>> [apiv2][body] POST https://upload-firebasehosting.googleapis.com/upload/sites/gold-fish/versions/d37f430267809922/files/ff21911685b9f16294411d38fc45c38326c8613559b293fc2bcb7673b1bf64cb [stream]
[debug] [2022-11-24T22:55:09.682Z] >>> [apiv2][query] POST https://upload-firebasehosting.googleapis.com/upload/sites/gold-fish/versions/d37f430267809922/files/0e2ed530230ea4f5ae971c9c3459a3b61bffd1ad58ddd7763b2caad65a58c0ac [none]
[debug] [2022-11-24T22:55:09.682Z] >>> [apiv2][body] POST https://upload-firebasehosting.googleapis.com/upload/sites/gold-fish/versions/d37f430267809922/files/0e2ed530230ea4f5ae971c9c3459a3b61bffd1ad58ddd7763b2caad65a58c0ac [stream]
[debug] [2022-11-24T22:55:09.685Z] >>> [apiv2][query] POST https://upload-firebasehosting.googleapis.com/upload/sites/gold-fish/versions/d37f430267809922/files/c0e1dcb5cd6b58b62226ad921e2464e308d042fe759d70ec8e4f8f75deadd328 [none]
[debug] [2022-11-24T22:55:09.685Z] >>> [apiv2][body] POST https://upload-firebasehosting.googleapis.com/upload/sites/gold-fish/versions/d37f430267809922/files/c0e1dcb5cd6b58b62226ad921e2464e308d042fe759d70ec8e4f8f75deadd328 [stream]
[debug] [2022-11-24T22:55:09.687Z] >>> [apiv2][query] POST https://upload-firebasehosting.googleapis.com/upload/sites/gold-fish/versions/d37f430267809922/files/0f3442a3c50b470eeef44ac1f10976ccf45491d25077d8144122352642c30e73 [none]
[debug] [2022-11-24T22:55:09.687Z] >>> [apiv2][body] POST https://upload-firebasehosting.googleapis.com/upload/sites/gold-fish/versions/d37f430267809922/files/0f3442a3c50b470eeef44ac1f10976ccf45491d25077d8144122352642c30e73 [stream]
[debug] [2022-11-24T22:55:09.689Z] >>> [apiv2][query] POST https://upload-firebasehosting.googleapis.com/upload/sites/gold-fish/versions/d37f430267809922/files/f3e20edbc63569d01cda0a64d21b4167844e51d0d6769009670e13682c692ffc [none]
[debug] [2022-11-24T22:55:09.689Z] >>> [apiv2][body] POST https://upload-firebasehosting.googleapis.com/upload/sites/gold-fish/versions/d37f430267809922/files/f3e20edbc63569d01cda0a64d21b4167844e51d0d6769009670e13682c692ffc [stream]
[debug] [2022-11-24T22:55:09.691Z] >>> [apiv2][query] POST https://upload-firebasehosting.googleapis.com/upload/sites/gold-fish/versions/d37f430267809922/files/09380cefbede5f138a0b987613dfaafd421dce9c6381f086f01eb8bfcc9f0a6e [none]
[debug] [2022-11-24T22:55:09.691Z] >>> [apiv2][body] POST https://upload-firebasehosting.googleapis.com/upload/sites/gold-fish/versions/d37f430267809922/files/09380cefbede5f138a0b987613dfaafd421dce9c6381f086f01eb8bfcc9f0a6e [stream]
[debug] [2022-11-24T22:55:09.693Z] >>> [apiv2][query] POST https://upload-firebasehosting.googleapis.com/upload/sites/gold-fish/versions/d37f430267809922/files/09b6963fe289ae3cba4972956d09540cc55f52adc3185ea56b29e4e4843308ab [none]
[debug] [2022-11-24T22:55:09.693Z] >>> [apiv2][body] POST https://upload-firebasehosting.googleapis.com/upload/sites/gold-fish/versions/d37f430267809922/files/09b6963fe289ae3cba4972956d09540cc55f52adc3185ea56b29e4e4843308ab [stream]
[debug] [2022-11-24T22:55:09.694Z] >>> [apiv2][query] POST https://upload-firebasehosting.googleapis.com/upload/sites/gold-fish/versions/d37f430267809922/files/31b888218737390ebc6cfda31e8f0ab23d83cec929ea6be9016c543ecf4634b1 [none]
[debug] [2022-11-24T22:55:09.695Z] >>> [apiv2][body] POST https://upload-firebasehosting.googleapis.com/upload/sites/gold-fish/versions/d37f430267809922/files/31b888218737390ebc6cfda31e8f0ab23d83cec929ea6be9016c543ecf4634b1 [stream]
[debug] [2022-11-24T22:55:09.696Z] >>> [apiv2][query] POST https://upload-firebasehosting.googleapis.com/upload/sites/gold-fish/versions/d37f430267809922/files/94ec1ab4677c20d289e839102408a2e98f1c46be92daaaee7fd62add590d948e [none]
[debug] [2022-11-24T22:55:09.697Z] >>> [apiv2][body] POST https://upload-firebasehosting.googleapis.com/upload/sites/gold-fish/versions/d37f430267809922/files/94ec1ab4677c20d289e839102408a2e98f1c46be92daaaee7fd62add590d948e [stream]
[debug] [2022-11-24T22:55:09.699Z] >>> [apiv2][query] POST https://upload-firebasehosting.googleapis.com/upload/sites/gold-fish/versions/d37f430267809922/files/8ae198ab9ad43401cc784f4350f617dd3859922cc7e053ebf45399c7b6f2487a [none]
[debug] [2022-11-24T22:55:09.699Z] >>> [apiv2][body] POST https://upload-firebasehosting.googleapis.com/upload/sites/gold-fish/versions/d37f430267809922/files/8ae198ab9ad43401cc784f4350f617dd3859922cc7e053ebf45399c7b6f2487a [stream]
[debug] [2022-11-24T22:55:09.701Z] >>> [apiv2][query] POST https://upload-firebasehosting.googleapis.com/upload/sites/gold-fish/versions/d37f430267809922/files/183f4ad53fe2f4a84aeca9ae321e0f4c815c92386bf3a1d963b5411eb620b85e [none]
[debug] [2022-11-24T22:55:09.701Z] >>> [apiv2][body] POST https://upload-firebasehosting.googleapis.com/upload/sites/gold-fish/versions/d37f430267809922/files/183f4ad53fe2f4a84aeca9ae321e0f4c815c92386bf3a1d963b5411eb620b85e [stream]
[debug] [2022-11-24T22:55:09.702Z] >>> [apiv2][query] POST https://upload-firebasehosting.googleapis.com/upload/sites/gold-fish/versions/d37f430267809922/files/445129f579c4217f0be7c9315425835fd671a87462eb94c807012b79433959c2 [none]
[debug] [2022-11-24T22:55:09.702Z] >>> [apiv2][body] POST https://upload-firebasehosting.googleapis.com/upload/sites/gold-fish/versions/d37f430267809922/files/445129f579c4217f0be7c9315425835fd671a87462eb94c807012b79433959c2 [stream]
[debug] [2022-11-24T22:55:09.703Z] >>> [apiv2][query] POST https://upload-firebasehosting.googleapis.com/upload/sites/gold-fish/versions/d37f430267809922/files/4563fce2d82ea43ec323e58f43007221939c195cc1d13af68b38911b008779c4 [none]
[debug] [2022-11-24T22:55:09.703Z] >>> [apiv2][body] POST https://upload-firebasehosting.googleapis.com/upload/sites/gold-fish/versions/d37f430267809922/files/4563fce2d82ea43ec323e58f43007221939c195cc1d13af68b38911b008779c4 [stream]
[debug] [2022-11-24T22:55:09.705Z] >>> [apiv2][query] POST https://upload-firebasehosting.googleapis.com/upload/sites/gold-fish/versions/d37f430267809922/files/b3f297f7040080f3c62045141e5cc75dbc5cb0c6efbb05b8d6b39e2efe92d95b [none]
[debug] [2022-11-24T22:55:09.705Z] >>> [apiv2][body] POST https://upload-firebasehosting.googleapis.com/upload/sites/gold-fish/versions/d37f430267809922/files/b3f297f7040080f3c62045141e5cc75dbc5cb0c6efbb05b8d6b39e2efe92d95b [stream]
[debug] [2022-11-24T22:55:09.706Z] >>> [apiv2][query] POST https://upload-firebasehosting.googleapis.com/upload/sites/gold-fish/versions/d37f430267809922/files/d69b38b529be1daeca1725fa8431b572b3c042a2cb4137d09518a9ccb13c8d16 [none]
[debug] [2022-11-24T22:55:09.706Z] >>> [apiv2][body] POST https://upload-firebasehosting.googleapis.com/upload/sites/gold-fish/versions/d37f430267809922/files/d69b38b529be1daeca1725fa8431b572b3c042a2cb4137d09518a9ccb13c8d16 [stream]
[debug] [2022-11-24T22:55:09.707Z] >>> [apiv2][query] POST https://upload-firebasehosting.googleapis.com/upload/sites/gold-fish/versions/d37f430267809922/files/f3e8cc3f9afac2e830350604c2c058e55bd14e1dd0b5281b0f6621462a692383 [none]
[debug] [2022-11-24T22:55:09.707Z] >>> [apiv2][body] POST https://upload-firebasehosting.googleapis.com/upload/sites/gold-fish/versions/d37f430267809922/files/f3e8cc3f9afac2e830350604c2c058e55bd14e1dd0b5281b0f6621462a692383 [stream]
[debug] [2022-11-24T22:55:09.707Z] >>> [apiv2][query] POST https://upload-firebasehosting.googleapis.com/upload/sites/gold-fish/versions/d37f430267809922/files/e00e2d0cc722ffe04f7ea823448f3f0a266a566b111db88810acdb6f92263612 [none]
[debug] [2022-11-24T22:55:09.707Z] >>> [apiv2][body] POST https://upload-firebasehosting.googleapis.com/upload/sites/gold-fish/versions/d37f430267809922/files/e00e2d0cc722ffe04f7ea823448f3f0a266a566b111db88810acdb6f92263612 [stream]
[debug] [2022-11-24T22:55:09.708Z] >>> [apiv2][query] POST https://upload-firebasehosting.googleapis.com/upload/sites/gold-fish/versions/d37f430267809922/files/5d519855c1e44599026a95251af6df682503208c9cba22fff788451b70f02823 [none]
[debug] [2022-11-24T22:55:09.709Z] >>> [apiv2][body] POST https://upload-firebasehosting.googleapis.com/upload/sites/gold-fish/versions/d37f430267809922/files/5d519855c1e44599026a95251af6df682503208c9cba22fff788451b70f02823 [stream]
[debug] [2022-11-24T22:55:09.709Z] >>> [apiv2][query] POST https://upload-firebasehosting.googleapis.com/upload/sites/gold-fish/versions/d37f430267809922/files/f7ad705643cf1db3cab1a752ee1bfed4e90082523e42ebbc72d11abb4bb4cf77 [none]
[debug] [2022-11-24T22:55:09.709Z] >>> [apiv2][body] POST https://upload-firebasehosting.googleapis.com/upload/sites/gold-fish/versions/d37f430267809922/files/f7ad705643cf1db3cab1a752ee1bfed4e90082523e42ebbc72d11abb4bb4cf77 [stream]
[debug] [2022-11-24T22:55:09.710Z] >>> [apiv2][query] POST https://upload-firebasehosting.googleapis.com/upload/sites/gold-fish/versions/d37f430267809922/files/d785c391d6ee6b2f95825719a108934f6c3650e96a791adfcdda5b84f8eb1eb8 [none]
[debug] [2022-11-24T22:55:09.710Z] >>> [apiv2][body] POST https://upload-firebasehosting.googleapis.com/upload/sites/gold-fish/versions/d37f430267809922/files/d785c391d6ee6b2f95825719a108934f6c3650e96a791adfcdda5b84f8eb1eb8 [stream]
[debug] [2022-11-24T22:55:09.711Z] [hosting][populate queue][FINAL] {"max":1256,"min":1256,"avg":1256,"active":0,"complete":1,"success":1,"errored":0,"retried":0,"total":1,"elapsed":1331}
[debug] [2022-11-24T22:55:09.711Z] [hosting] uploads queued: 36
[debug] [2022-11-24T22:55:11.969Z] <<< [apiv2][status] POST https://upload-firebasehosting.googleapis.com/upload/sites/gold-fish/versions/d37f430267809922/files/0e2ed530230ea4f5ae971c9c3459a3b61bffd1ad58ddd7763b2caad65a58c0ac 200
[debug] [2022-11-24T22:55:11.970Z] <<< [apiv2][body] POST https://upload-firebasehosting.googleapis.com/upload/sites/gold-fish/versions/d37f430267809922/files/0e2ed530230ea4f5ae971c9c3459a3b61bffd1ad58ddd7763b2caad65a58c0ac [stream]
[debug] [2022-11-24T22:55:12.016Z] <<< [apiv2][status] POST https://upload-firebasehosting.googleapis.com/upload/sites/gold-fish/versions/d37f430267809922/files/5c997de1364b8be939319fa9209abd77f2caf7f8844999a9e2e9173f844e7840 200
[debug] [2022-11-24T22:55:12.016Z] <<< [apiv2][body] POST https://upload-firebasehosting.googleapis.com/upload/sites/gold-fish/versions/d37f430267809922/files/5c997de1364b8be939319fa9209abd77f2caf7f8844999a9e2e9173f844e7840 [stream]
[debug] [2022-11-24T22:55:12.026Z] <<< [apiv2][status] POST https://upload-firebasehosting.googleapis.com/upload/sites/gold-fish/versions/d37f430267809922/files/3dededb5a590e326fd1135c8fdc8b037c2923cf48e1e49ed905c3b1f76a5c1a2 200
[debug] [2022-11-24T22:55:12.027Z] <<< [apiv2][body] POST https://upload-firebasehosting.googleapis.com/upload/sites/gold-fish/versions/d37f430267809922/files/3dededb5a590e326fd1135c8fdc8b037c2923cf48e1e49ed905c3b1f76a5c1a2 [stream]
[debug] [2022-11-24T22:55:12.035Z] <<< [apiv2][status] POST https://upload-firebasehosting.googleapis.com/upload/sites/gold-fish/versions/d37f430267809922/files/d69b38b529be1daeca1725fa8431b572b3c042a2cb4137d09518a9ccb13c8d16 200
[debug] [2022-11-24T22:55:12.036Z] <<< [apiv2][body] POST https://upload-firebasehosting.googleapis.com/upload/sites/gold-fish/versions/d37f430267809922/files/d69b38b529be1daeca1725fa8431b572b3c042a2cb4137d09518a9ccb13c8d16 [stream]
[debug] [2022-11-24T22:55:12.039Z] <<< [apiv2][status] POST https://upload-firebasehosting.googleapis.com/upload/sites/gold-fish/versions/d37f430267809922/files/b2090cf9761ef60aa06e4fab97679bd43dfa5e5df073701ead5879d7c68f1ec5 200
[debug] [2022-11-24T22:55:12.039Z] <<< [apiv2][body] POST https://upload-firebasehosting.googleapis.com/upload/sites/gold-fish/versions/d37f430267809922/files/b2090cf9761ef60aa06e4fab97679bd43dfa5e5df073701ead5879d7c68f1ec5 [stream]
[debug] [2022-11-24T22:55:12.247Z] <<< [apiv2][status] POST https://upload-firebasehosting.googleapis.com/upload/sites/gold-fish/versions/d37f430267809922/files/8ae198ab9ad43401cc784f4350f617dd3859922cc7e053ebf45399c7b6f2487a 200
[debug] [2022-11-24T22:55:12.247Z] <<< [apiv2][body] POST https://upload-firebasehosting.googleapis.com/upload/sites/gold-fish/versions/d37f430267809922/files/8ae198ab9ad43401cc784f4350f617dd3859922cc7e053ebf45399c7b6f2487a [stream]
[debug] [2022-11-24T22:55:12.720Z] <<< [apiv2][status] POST https://upload-firebasehosting.googleapis.com/upload/sites/gold-fish/versions/d37f430267809922/files/daa499dd96d8229e73235345702ba32f0793f0c8e5c0d30e40e37a5872be57aa 200
[debug] [2022-11-24T22:55:12.720Z] <<< [apiv2][body] POST https://upload-firebasehosting.googleapis.com/upload/sites/gold-fish/versions/d37f430267809922/files/daa499dd96d8229e73235345702ba32f0793f0c8e5c0d30e40e37a5872be57aa [stream]
[debug] [2022-11-24T22:55:14.598Z] <<< [apiv2][status] POST https://upload-firebasehosting.googleapis.com/upload/sites/gold-fish/versions/d37f430267809922/files/183f4ad53fe2f4a84aeca9ae321e0f4c815c92386bf3a1d963b5411eb620b85e 200
[debug] [2022-11-24T22:55:14.598Z] <<< [apiv2][body] POST https://upload-firebasehosting.googleapis.com/upload/sites/gold-fish/versions/d37f430267809922/files/183f4ad53fe2f4a84aeca9ae321e0f4c815c92386bf3a1d963b5411eb620b85e [stream]
[debug] [2022-11-24T22:55:15.040Z] <<< [apiv2][status] POST https://upload-firebasehosting.googleapis.com/upload/sites/gold-fish/versions/d37f430267809922/files/c0e1dcb5cd6b58b62226ad921e2464e308d042fe759d70ec8e4f8f75deadd328 200
[debug] [2022-11-24T22:55:15.040Z] <<< [apiv2][body] POST https://upload-firebasehosting.googleapis.com/upload/sites/gold-fish/versions/d37f430267809922/files/c0e1dcb5cd6b58b62226ad921e2464e308d042fe759d70ec8e4f8f75deadd328 [stream]
[debug] [2022-11-24T22:55:15.520Z] <<< [apiv2][status] POST https://upload-firebasehosting.googleapis.com/upload/sites/gold-fish/versions/d37f430267809922/files/94ec1ab4677c20d289e839102408a2e98f1c46be92daaaee7fd62add590d948e 200
[debug] [2022-11-24T22:55:15.521Z] <<< [apiv2][body] POST https://upload-firebasehosting.googleapis.com/upload/sites/gold-fish/versions/d37f430267809922/files/94ec1ab4677c20d289e839102408a2e98f1c46be92daaaee7fd62add590d948e [stream]
[debug] [2022-11-24T22:55:17.081Z] <<< [apiv2][status] POST https://upload-firebasehosting.googleapis.com/upload/sites/gold-fish/versions/d37f430267809922/files/d513e0f390d2aae413a0b91a2d13099d98c595f1dadb08c36f6bc3e2ef6276a8 200
[debug] [2022-11-24T22:55:17.081Z] <<< [apiv2][body] POST https://upload-firebasehosting.googleapis.com/upload/sites/gold-fish/versions/d37f430267809922/files/d513e0f390d2aae413a0b91a2d13099d98c595f1dadb08c36f6bc3e2ef6276a8 [stream]
[debug] [2022-11-24T22:55:17.082Z] <<< [apiv2][status] POST https://upload-firebasehosting.googleapis.com/upload/sites/gold-fish/versions/d37f430267809922/files/f3e8cc3f9afac2e830350604c2c058e55bd14e1dd0b5281b0f6621462a692383 200
[debug] [2022-11-24T22:55:17.082Z] <<< [apiv2][body] POST https://upload-firebasehosting.googleapis.com/upload/sites/gold-fish/versions/d37f430267809922/files/f3e8cc3f9afac2e830350604c2c058e55bd14e1dd0b5281b0f6621462a692383 [stream]
[debug] [2022-11-24T22:55:17.509Z] <<< [apiv2][status] POST https://upload-firebasehosting.googleapis.com/upload/sites/gold-fish/versions/d37f430267809922/files/3b10d117d6a6e188972eca7186ffcd75a3cfa1c071f1b8876a1159975862b595 200
[debug] [2022-11-24T22:55:17.510Z] <<< [apiv2][body] POST https://upload-firebasehosting.googleapis.com/upload/sites/gold-fish/versions/d37f430267809922/files/3b10d117d6a6e188972eca7186ffcd75a3cfa1c071f1b8876a1159975862b595 [stream]
[debug] [2022-11-24T22:55:19.877Z] <<< [apiv2][status] POST https://upload-firebasehosting.googleapis.com/upload/sites/gold-fish/versions/d37f430267809922/files/1659f25a2721b7dae184d9c80fc01df080a0319d1b252682739732f6a65919f4 200
[debug] [2022-11-24T22:55:19.877Z] <<< [apiv2][body] POST https://upload-firebasehosting.googleapis.com/upload/sites/gold-fish/versions/d37f430267809922/files/1659f25a2721b7dae184d9c80fc01df080a0319d1b252682739732f6a65919f4 [stream]
[debug] [2022-11-24T22:55:21.974Z] <<< [apiv2][status] POST https://upload-firebasehosting.googleapis.com/upload/sites/gold-fish/versions/d37f430267809922/files/2345d393b20a2137074bd21888d148659a6c9fe358e3be5951bdc02f56aa4745 200
[debug] [2022-11-24T22:55:21.974Z] <<< [apiv2][body] POST https://upload-firebasehosting.googleapis.com/upload/sites/gold-fish/versions/d37f430267809922/files/2345d393b20a2137074bd21888d148659a6c9fe358e3be5951bdc02f56aa4745 [stream]
[debug] [2022-11-24T22:55:29.403Z] <<< [apiv2][status] POST https://upload-firebasehosting.googleapis.com/upload/sites/gold-fish/versions/d37f430267809922/files/aee6427168fe451ea2c15e186ee8bd5e82f31152a5b17211f2ce9d3d14123fa9 200
[debug] [2022-11-24T22:55:29.403Z] <<< [apiv2][body] POST https://upload-firebasehosting.googleapis.com/upload/sites/gold-fish/versions/d37f430267809922/files/aee6427168fe451ea2c15e186ee8bd5e82f31152a5b17211f2ce9d3d14123fa9 [stream]
[debug] [2022-11-24T22:55:40.022Z] [uploadQueue] Retrying task 2df59a2281bac38a44cf7044102185e1aed25f2ddb8aa3697522d70ca02a02a7
[debug] [2022-11-24T22:55:40.024Z] >>> [apiv2][query] POST https://upload-firebasehosting.googleapis.com/upload/sites/gold-fish/versions/d37f430267809922/files/2df59a2281bac38a44cf7044102185e1aed25f2ddb8aa3697522d70ca02a02a7 [none]
[debug] [2022-11-24T22:55:40.024Z] >>> [apiv2][body] POST https://upload-firebasehosting.googleapis.com/upload/sites/gold-fish/versions/d37f430267809922/files/2df59a2281bac38a44cf7044102185e1aed25f2ddb8aa3697522d70ca02a02a7 [stream]
[debug] [2022-11-24T22:55:40.031Z] [uploadQueue] Retrying task 481fe28985604507d635bbd789a88998c04e8dfba31297dfaaba6c65291ade9c
[debug] [2022-11-24T22:55:40.032Z] >>> [apiv2][query] POST https://upload-firebasehosting.googleapis.com/upload/sites/gold-fish/versions/d37f430267809922/files/481fe28985604507d635bbd789a88998c04e8dfba31297dfaaba6c65291ade9c [none]
[debug] [2022-11-24T22:55:40.033Z] >>> [apiv2][body] POST https://upload-firebasehosting.googleapis.com/upload/sites/gold-fish/versions/d37f430267809922/files/481fe28985604507d635bbd789a88998c04e8dfba31297dfaaba6c65291ade9c [stream]
[debug] [2022-11-24T22:55:40.039Z] [uploadQueue] Retrying task e93f0c327c334fc4f31436beb137cb2ff9f6474117590eaacb805acee1a6ea00
[debug] [2022-11-24T22:55:40.041Z] >>> [apiv2][query] POST https://upload-firebasehosting.googleapis.com/upload/sites/gold-fish/versions/d37f430267809922/files/e93f0c327c334fc4f31436beb137cb2ff9f6474117590eaacb805acee1a6ea00 [none]
[debug] [2022-11-24T22:55:40.041Z] >>> [apiv2][body] POST https://upload-firebasehosting.googleapis.com/upload/sites/gold-fish/versions/d37f430267809922/files/e93f0c327c334fc4f31436beb137cb2ff9f6474117590eaacb805acee1a6ea00 [stream]
[debug] [2022-11-24T22:55:40.054Z] [uploadQueue] Retrying task f3614f35ef53669476d6cb5428b22ed848a63eaf4f1f7d78c9aa3d3fc7ba65e2
[debug] [2022-11-24T22:55:40.055Z] >>> [apiv2][query] POST https://upload-firebasehosting.googleapis.com/upload/sites/gold-fish/versions/d37f430267809922/files/f3614f35ef53669476d6cb5428b22ed848a63eaf4f1f7d78c9aa3d3fc7ba65e2 [none]
[debug] [2022-11-24T22:55:40.055Z] >>> [apiv2][body] POST https://upload-firebasehosting.googleapis.com/upload/sites/gold-fish/versions/d37f430267809922/files/f3614f35ef53669476d6cb5428b22ed848a63eaf4f1f7d78c9aa3d3fc7ba65e2 [stream]
[debug] [2022-11-24T22:55:40.063Z] [uploadQueue] Retrying task 5a4a7cf0be7b31c2cf6c65cc31104fdf4647804e90797686fb1f5e0fc11424db
[debug] [2022-11-24T22:55:40.064Z] >>> [apiv2][query] POST https://upload-firebasehosting.googleapis.com/upload/sites/gold-fish/versions/d37f430267809922/files/5a4a7cf0be7b31c2cf6c65cc31104fdf4647804e90797686fb1f5e0fc11424db [none]
[debug] [2022-11-24T22:55:40.064Z] >>> [apiv2][body] POST https://upload-firebasehosting.googleapis.com/upload/sites/gold-fish/versions/d37f430267809922/files/5a4a7cf0be7b31c2cf6c65cc31104fdf4647804e90797686fb1f5e0fc11424db [stream]
[debug] [2022-11-24T22:55:40.067Z] [uploadQueue] Retrying task d340a29ba0d2ca9ed05bbf98bd6f0514e75fda8c995d0def6baa2f469d5879ba
[debug] [2022-11-24T22:55:40.068Z] >>> [apiv2][query] POST https://upload-firebasehosting.googleapis.com/upload/sites/gold-fish/versions/d37f430267809922/files/d340a29ba0d2ca9ed05bbf98bd6f0514e75fda8c995d0def6baa2f469d5879ba [none]
[debug] [2022-11-24T22:55:40.068Z] >>> [apiv2][body] POST https://upload-firebasehosting.googleapis.com/upload/sites/gold-fish/versions/d37f430267809922/files/d340a29ba0d2ca9ed05bbf98bd6f0514e75fda8c995d0def6baa2f469d5879ba [stream]
[debug] [2022-11-24T22:55:40.073Z] [uploadQueue] Retrying task c96698732ddfa73329ec29b83f0da325dcf457f8690eb4f48c99d090d43d949b
[debug] [2022-11-24T22:55:40.073Z] >>> [apiv2][query] POST https://upload-firebasehosting.googleapis.com/upload/sites/gold-fish/versions/d37f430267809922/files/c96698732ddfa73329ec29b83f0da325dcf457f8690eb4f48c99d090d43d949b [none]
[debug] [2022-11-24T22:55:40.073Z] >>> [apiv2][body] POST https://upload-firebasehosting.googleapis.com/upload/sites/gold-fish/versions/d37f430267809922/files/c96698732ddfa73329ec29b83f0da325dcf457f8690eb4f48c99d090d43d949b [stream]
[debug] [2022-11-24T22:55:40.076Z] [uploadQueue] Retrying task ff21911685b9f16294411d38fc45c38326c8613559b293fc2bcb7673b1bf64cb
[debug] [2022-11-24T22:55:40.077Z] >>> [apiv2][query] POST https://upload-firebasehosting.googleapis.com/upload/sites/gold-fish/versions/d37f430267809922/files/ff21911685b9f16294411d38fc45c38326c8613559b293fc2bcb7673b1bf64cb [none]
[debug] [2022-11-24T22:55:40.078Z] >>> [apiv2][body] POST https://upload-firebasehosting.googleapis.com/upload/sites/gold-fish/versions/d37f430267809922/files/ff21911685b9f16294411d38fc45c38326c8613559b293fc2bcb7673b1bf64cb [stream]
[debug] [2022-11-24T22:55:40.081Z] [uploadQueue] Retrying task 0f3442a3c50b470eeef44ac1f10976ccf45491d25077d8144122352642c30e73
[debug] [2022-11-24T22:55:40.081Z] >>> [apiv2][query] POST https://upload-firebasehosting.googleapis.com/upload/sites/gold-fish/versions/d37f430267809922/files/0f3442a3c50b470eeef44ac1f10976ccf45491d25077d8144122352642c30e73 [none]
[debug] [2022-11-24T22:55:40.081Z] >>> [apiv2][body] POST https://upload-firebasehosting.googleapis.com/upload/sites/gold-fish/versions/d37f430267809922/files/0f3442a3c50b470eeef44ac1f10976ccf45491d25077d8144122352642c30e73 [stream]
[debug] [2022-11-24T22:55:40.085Z] [uploadQueue] Retrying task f3e20edbc63569d01cda0a64d21b4167844e51d0d6769009670e13682c692ffc
[debug] [2022-11-24T22:55:40.085Z] >>> [apiv2][query] POST https://upload-firebasehosting.googleapis.com/upload/sites/gold-fish/versions/d37f430267809922/files/f3e20edbc63569d01cda0a64d21b4167844e51d0d6769009670e13682c692ffc [none]
[debug] [2022-11-24T22:55:40.085Z] >>> [apiv2][body] POST https://upload-firebasehosting.googleapis.com/upload/sites/gold-fish/versions/d37f430267809922/files/f3e20edbc63569d01cda0a64d21b4167844e51d0d6769009670e13682c692ffc [stream]
[debug] [2022-11-24T22:55:40.089Z] [uploadQueue] Retrying task 09380cefbede5f138a0b987613dfaafd421dce9c6381f086f01eb8bfcc9f0a6e
[debug] [2022-11-24T22:55:40.089Z] >>> [apiv2][query] POST https://upload-firebasehosting.googleapis.com/upload/sites/gold-fish/versions/d37f430267809922/files/09380cefbede5f138a0b987613dfaafd421dce9c6381f086f01eb8bfcc9f0a6e [none]
[debug] [2022-11-24T22:55:40.090Z] >>> [apiv2][body] POST https://upload-firebasehosting.googleapis.com/upload/sites/gold-fish/versions/d37f430267809922/files/09380cefbede5f138a0b987613dfaafd421dce9c6381f086f01eb8bfcc9f0a6e [stream]
[debug] [2022-11-24T22:55:40.092Z] [uploadQueue] Retrying task 09b6963fe289ae3cba4972956d09540cc55f52adc3185ea56b29e4e4843308ab
[debug] [2022-11-24T22:55:40.093Z] >>> [apiv2][query] POST https://upload-firebasehosting.googleapis.com/upload/sites/gold-fish/versions/d37f430267809922/files/09b6963fe289ae3cba4972956d09540cc55f52adc3185ea56b29e4e4843308ab [none]
[debug] [2022-11-24T22:55:40.093Z] >>> [apiv2][body] POST https://upload-firebasehosting.googleapis.com/upload/sites/gold-fish/versions/d37f430267809922/files/09b6963fe289ae3cba4972956d09540cc55f52adc3185ea56b29e4e4843308ab [stream]
[debug] [2022-11-24T22:55:40.095Z] [uploadQueue] Retrying task 31b888218737390ebc6cfda31e8f0ab23d83cec929ea6be9016c543ecf4634b1
[debug] [2022-11-24T22:55:40.095Z] >>> [apiv2][query] POST https://upload-firebasehosting.googleapis.com/upload/sites/gold-fish/versions/d37f430267809922/files/31b888218737390ebc6cfda31e8f0ab23d83cec929ea6be9016c543ecf4634b1 [none]
[debug] [2022-11-24T22:55:40.095Z] >>> [apiv2][body] POST https://upload-firebasehosting.googleapis.com/upload/sites/gold-fish/versions/d37f430267809922/files/31b888218737390ebc6cfda31e8f0ab23d83cec929ea6be9016c543ecf4634b1 [stream]
[debug] [2022-11-24T22:55:40.099Z] [uploadQueue] Retrying task 445129f579c4217f0be7c9315425835fd671a87462eb94c807012b79433959c2
[debug] [2022-11-24T22:55:40.100Z] >>> [apiv2][query] POST https://upload-firebasehosting.googleapis.com/upload/sites/gold-fish/versions/d37f430267809922/files/445129f579c4217f0be7c9315425835fd671a87462eb94c807012b79433959c2 [none]
[debug] [2022-11-24T22:55:40.100Z] >>> [apiv2][body] POST https://upload-firebasehosting.googleapis.com/upload/sites/gold-fish/versions/d37f430267809922/files/445129f579c4217f0be7c9315425835fd671a87462eb94c807012b79433959c2 [stream]
[debug] [2022-11-24T22:55:40.103Z] [uploadQueue] Retrying task 4563fce2d82ea43ec323e58f43007221939c195cc1d13af68b38911b008779c4
[debug] [2022-11-24T22:55:40.104Z] >>> [apiv2][query] POST https://upload-firebasehosting.googleapis.com/upload/sites/gold-fish/versions/d37f430267809922/files/4563fce2d82ea43ec323e58f43007221939c195cc1d13af68b38911b008779c4 [none]
[debug] [2022-11-24T22:55:40.104Z] >>> [apiv2][body] POST https://upload-firebasehosting.googleapis.com/upload/sites/gold-fish/versions/d37f430267809922/files/4563fce2d82ea43ec323e58f43007221939c195cc1d13af68b38911b008779c4 [stream]
[debug] [2022-11-24T22:55:40.107Z] [uploadQueue] Retrying task b3f297f7040080f3c62045141e5cc75dbc5cb0c6efbb05b8d6b39e2efe92d95b
[debug] [2022-11-24T22:55:40.108Z] >>> [apiv2][query] POST https://upload-firebasehosting.googleapis.com/upload/sites/gold-fish/versions/d37f430267809922/files/b3f297f7040080f3c62045141e5cc75dbc5cb0c6efbb05b8d6b39e2efe92d95b [none]
[debug] [2022-11-24T22:55:40.108Z] >>> [apiv2][body] POST https://upload-firebasehosting.googleapis.com/upload/sites/gold-fish/versions/d37f430267809922/files/b3f297f7040080f3c62045141e5cc75dbc5cb0c6efbb05b8d6b39e2efe92d95b [stream]
[debug] [2022-11-24T22:55:40.111Z] [uploadQueue] Retrying task e00e2d0cc722ffe04f7ea823448f3f0a266a566b111db88810acdb6f92263612
[debug] [2022-11-24T22:55:40.111Z] >>> [apiv2][query] POST https://upload-firebasehosting.googleapis.com/upload/sites/gold-fish/versions/d37f430267809922/files/e00e2d0cc722ffe04f7ea823448f3f0a266a566b111db88810acdb6f92263612 [none]
[debug] [2022-11-24T22:55:40.111Z] >>> [apiv2][body] POST https://upload-firebasehosting.googleapis.com/upload/sites/gold-fish/versions/d37f430267809922/files/e00e2d0cc722ffe04f7ea823448f3f0a266a566b111db88810acdb6f92263612 [stream]
[debug] [2022-11-24T22:55:40.113Z] [uploadQueue] Retrying task 5d519855c1e44599026a95251af6df682503208c9cba22fff788451b70f02823
[debug] [2022-11-24T22:55:40.114Z] >>> [apiv2][query] POST https://upload-firebasehosting.googleapis.com/upload/sites/gold-fish/versions/d37f430267809922/files/5d519855c1e44599026a95251af6df682503208c9cba22fff788451b70f02823 [none]
[debug] [2022-11-24T22:55:40.114Z] >>> [apiv2][body] POST https://upload-firebasehosting.googleapis.com/upload/sites/gold-fish/versions/d37f430267809922/files/5d519855c1e44599026a95251af6df682503208c9cba22fff788451b70f02823 [stream]
[debug] [2022-11-24T22:55:40.116Z] [uploadQueue] Retrying task f7ad705643cf1db3cab1a752ee1bfed4e90082523e42ebbc72d11abb4bb4cf77
[debug] [2022-11-24T22:55:40.116Z] >>> [apiv2][query] POST https://upload-firebasehosting.googleapis.com/upload/sites/gold-fish/versions/d37f430267809922/files/f7ad705643cf1db3cab1a752ee1bfed4e90082523e42ebbc72d11abb4bb4cf77 [none]
[debug] [2022-11-24T22:55:40.116Z] >>> [apiv2][body] POST https://upload-firebasehosting.googleapis.com/upload/sites/gold-fish/versions/d37f430267809922/files/f7ad705643cf1db3cab1a752ee1bfed4e90082523e42ebbc72d11abb4bb4cf77 [stream]
